<?xml version="1.0" encoding="UTF-8"?>
<!-- Generated by org.testng.reporters.JUnitReportReporter -->
<testsuite hostname="DESKTOP-TP2LVUE" failures="0" tests="1" name="DD.AxisPractice.Login" time="16.908" errors="0" timestamp="29 Feb 2024 16:40:33 GMT" skipped="0">
  <testcase classname="DD.AxisPractice.Login" name="Log" time="16.908"/>
</testsuite> <!-- DD.AxisPractice.Login -->
