<?xml version="1.0" encoding="UTF-8"?>
<!-- Generated by org.testng.reporters.JUnitReportReporter -->
<testsuite hostname="DESKTOP-TP2LVUE" failures="0" tests="1" name="DD.AxisPractice.ReadExcel" time="19.757" errors="0" timestamp="29 Feb 2024 14:20:28 GMT" skipped="0">
  <testcase classname="DD.AxisPractice.ReadExcel" name="fblogin" time="19.757"/>
</testsuite> <!-- DD.AxisPractice.ReadExcel -->
