<?xml version="1.0" encoding="UTF-8"?>
<!-- Generated by org.testng.reporters.JUnitReportReporter -->
<testsuite hostname="DESKTOP-TP2LVUE" failures="0" tests="1" name="DD.AxisPractice.WriteToExcel" time="12.422" errors="0" timestamp="29 Feb 2024 14:21:04 GMT" skipped="0">
  <testcase classname="DD.AxisPractice.WriteToExcel" name="fblogin" time="12.422"/>
</testsuite> <!-- DD.AxisPractice.WriteToExcel -->
